  Main.cpp
     Creando biblioteca C:\Users\facus\OneDrive\Escritorio\MySQL_Project\x64\Release\MySQL_Project.lib y objeto C:\Users\facus\OneDrive\Escritorio\MySQL_Project\x64\Release\MySQL_Project.exp
  Generando código
  Previous IPDB not found, fall back to full compilation.
  All 132 functions were compiled because no usable IPDB/IOBJ from previous compilation was found.
  Generación de código finalizada
mysqlcppconn-static.lib(mysql_native_resultset_wrapper.obj) : warning LNK4099: no se encontró PDB 'jdbc.pdb' con 'mysqlcppconn-static.lib(mysql_native_resultset_wrapper.obj)' o en 'C:\Users\facus\OneDrive\Escritorio\MySQL_Project\x64\Release\jdbc.pdb'; se vinculará el objeto sin tener en cuenta información de depuración
mysqlcppconn-static.lib(mysql_native_statement_wrapper.obj) : warning LNK4099: no se encontró PDB 'jdbc.pdb' con 'mysqlcppconn-static.lib(mysql_native_statement_wrapper.obj)' o en 'C:\Users\facus\OneDrive\Escritorio\MySQL_Project\x64\Release\jdbc.pdb'; se vinculará el objeto sin tener en cuenta información de depuración
mysqlcppconn-static.lib(mysql_native_connection_wrapper.obj) : warning LNK4099: no se encontró PDB 'jdbc.pdb' con 'mysqlcppconn-static.lib(mysql_native_connection_wrapper.obj)' o en 'C:\Users\facus\OneDrive\Escritorio\MySQL_Project\x64\Release\jdbc.pdb'; se vinculará el objeto sin tener en cuenta información de depuración
mysqlcppconn-static.lib(mysql_native_driver_wrapper.obj) : warning LNK4099: no se encontró PDB '' con 'mysqlcppconn-static.lib(mysql_native_driver_wrapper.obj)' o en ''; se vinculará el objeto sin tener en cuenta información de depuración
mysqlcppconn-static.lib(mysql_client_api.obj) : warning LNK4099: no se encontró PDB 'jdbc.pdb' con 'mysqlcppconn-static.lib(mysql_client_api.obj)' o en 'C:\Users\facus\OneDrive\Escritorio\MySQL_Project\x64\Release\jdbc.pdb'; se vinculará el objeto sin tener en cuenta información de depuración
mysqlcppconn-static.lib(mysql_uri.obj) : warning LNK4099: no se encontró PDB 'jdbc.pdb' con 'mysqlcppconn-static.lib(mysql_uri.obj)' o en 'C:\Users\facus\OneDrive\Escritorio\MySQL_Project\x64\Release\jdbc.pdb'; se vinculará el objeto sin tener en cuenta información de depuración
mysqlcppconn-static.lib(mysql_warning.obj) : warning LNK4099: no se encontró PDB 'jdbc.pdb' con 'mysqlcppconn-static.lib(mysql_warning.obj)' o en 'C:\Users\facus\OneDrive\Escritorio\MySQL_Project\x64\Release\jdbc.pdb'; se vinculará el objeto sin tener en cuenta información de depuración
mysqlcppconn-static.lib(mysql_util.obj) : warning LNK4099: no se encontró PDB 'jdbc.pdb' con 'mysqlcppconn-static.lib(mysql_util.obj)' o en 'C:\Users\facus\OneDrive\Escritorio\MySQL_Project\x64\Release\jdbc.pdb'; se vinculará el objeto sin tener en cuenta información de depuración
mysqlcppconn-static.lib(mysql_statement.obj) : warning LNK4099: no se encontró PDB 'jdbc.pdb' con 'mysqlcppconn-static.lib(mysql_statement.obj)' o en 'C:\Users\facus\OneDrive\Escritorio\MySQL_Project\x64\Release\jdbc.pdb'; se vinculará el objeto sin tener en cuenta información de depuración
mysqlcppconn-static.lib(mysql_resultset_metadata.obj) : warning LNK4099: no se encontró PDB 'jdbc.pdb' con 'mysqlcppconn-static.lib(mysql_resultset_metadata.obj)' o en 'C:\Users\facus\OneDrive\Escritorio\MySQL_Project\x64\Release\jdbc.pdb'; se vinculará el objeto sin tener en cuenta información de depuración
mysqlcppconn-static.lib(mysql_resultset.obj) : warning LNK4099: no se encontró PDB 'jdbc.pdb' con 'mysqlcppconn-static.lib(mysql_resultset.obj)' o en 'C:\Users\facus\OneDrive\Escritorio\MySQL_Project\x64\Release\jdbc.pdb'; se vinculará el objeto sin tener en cuenta información de depuración
mysqlcppconn-static.lib(mysql_resultbind.obj) : warning LNK4099: no se encontró PDB 'jdbc.pdb' con 'mysqlcppconn-static.lib(mysql_resultbind.obj)' o en 'C:\Users\facus\OneDrive\Escritorio\MySQL_Project\x64\Release\jdbc.pdb'; se vinculará el objeto sin tener en cuenta información de depuración
mysqlcppconn-static.lib(mysql_ps_resultset_metadata.obj) : warning LNK4099: no se encontró PDB 'jdbc.pdb' con 'mysqlcppconn-static.lib(mysql_ps_resultset_metadata.obj)' o en 'C:\Users\facus\OneDrive\Escritorio\MySQL_Project\x64\Release\jdbc.pdb'; se vinculará el objeto sin tener en cuenta información de depuración
mysqlcppconn-static.lib(mysql_ps_resultset.obj) : warning LNK4099: no se encontró PDB '' con 'mysqlcppconn-static.lib(mysql_ps_resultset.obj)' o en ''; se vinculará el objeto sin tener en cuenta información de depuración
mysqlcppconn-static.lib(mysql_prepared_statement.obj) : warning LNK4099: no se encontró PDB 'jdbc.pdb' con 'mysqlcppconn-static.lib(mysql_prepared_statement.obj)' o en 'C:\Users\facus\OneDrive\Escritorio\MySQL_Project\x64\Release\jdbc.pdb'; se vinculará el objeto sin tener en cuenta información de depuración
mysqlcppconn-static.lib(mysql_parameter_metadata.obj) : warning LNK4099: no se encontró PDB 'jdbc.pdb' con 'mysqlcppconn-static.lib(mysql_parameter_metadata.obj)' o en 'C:\Users\facus\OneDrive\Escritorio\MySQL_Project\x64\Release\jdbc.pdb'; se vinculará el objeto sin tener en cuenta información de depuración
mysqlcppconn-static.lib(mysql_metadata.obj) : warning LNK4099: no se encontró PDB 'jdbc.pdb' con 'mysqlcppconn-static.lib(mysql_metadata.obj)' o en 'C:\Users\facus\OneDrive\Escritorio\MySQL_Project\x64\Release\jdbc.pdb'; se vinculará el objeto sin tener en cuenta información de depuración
mysqlcppconn-static.lib(mysql_driver.obj) : warning LNK4099: no se encontró PDB 'jdbc.pdb' con 'mysqlcppconn-static.lib(mysql_driver.obj)' o en 'C:\Users\facus\OneDrive\Escritorio\MySQL_Project\x64\Release\jdbc.pdb'; se vinculará el objeto sin tener en cuenta información de depuración
mysqlcppconn-static.lib(mysql_debug.obj) : warning LNK4099: no se encontró PDB 'jdbc.pdb' con 'mysqlcppconn-static.lib(mysql_debug.obj)' o en 'C:\Users\facus\OneDrive\Escritorio\MySQL_Project\x64\Release\jdbc.pdb'; se vinculará el objeto sin tener en cuenta información de depuración
mysqlcppconn-static.lib(mysql_connection.obj) : warning LNK4099: no se encontró PDB 'jdbc.pdb' con 'mysqlcppconn-static.lib(mysql_connection.obj)' o en 'C:\Users\facus\OneDrive\Escritorio\MySQL_Project\x64\Release\jdbc.pdb'; se vinculará el objeto sin tener en cuenta información de depuración
mysqlcppconn-static.lib(mysql_art_rset_metadata.obj) : warning LNK4099: no se encontró PDB 'jdbc.pdb' con 'mysqlcppconn-static.lib(mysql_art_rset_metadata.obj)' o en 'C:\Users\facus\OneDrive\Escritorio\MySQL_Project\x64\Release\jdbc.pdb'; se vinculará el objeto sin tener en cuenta información de depuración
mysqlcppconn-static.lib(mysql_art_resultset.obj) : warning LNK4099: no se encontró PDB 'jdbc.pdb' con 'mysqlcppconn-static.lib(mysql_art_resultset.obj)' o en 'C:\Users\facus\OneDrive\Escritorio\MySQL_Project\x64\Release\jdbc.pdb'; se vinculará el objeto sin tener en cuenta información de depuración
  MySQL_Project.vcxproj -> C:\Users\facus\OneDrive\Escritorio\MySQL_Project\x64\Release\MySQL_Project.exe
